<?xml version="1.0" encoding="UTF-8"?>
<!-- Generated by org.testng.reporters.JUnitReportReporter -->
<testsuite hostname="USLTP0075" name="com.test.SaTest" tests="1" failures="0" timestamp="4 Mar 2017 02:54:53 GMT" time="0.001" errors="0">
  <testcase name="test" time="0.001" classname="com.test.SaTest"/>
</testsuite> <!-- com.test.SaTest -->
