<?xml version="1.0" encoding="UTF-8"?>
<!-- Generated by org.testng.reporters.JUnitReportReporter -->
<testsuite hostname="USLTP0075" name="SaTest" tests="1" failures="0" timestamp="2 Mar 2017 04:35:28 GMT" time="48.962" errors="1">
  <testcase name="test" time="48.962" classname="SaTest">
    <error type="org.openqa.selenium.WebDriverException" message="Failed to connect to binary FirefoxBinary(C:\Program Files (x86)\Mozilla Firefox\firefox.exe) on port 7055; process output follows: 
le&quot;:true,&quot;active&quot;:true,&quot;userDisabled&quot;:false,&quot;appDisabled&quot;:false,&quot;descriptor&quot;:&quot;C:\\Program Files (x86)\\Mozilla Firefox\\browser\\extensions\\{972ce4c6-7e08-4474-a285-3208198ce6fd}.xpi&quot;,&quot;installDate&quot;:1485743593519,&quot;updateDate&quot;:1485743593519,&quot;applyBackgroundUpdates&quot;:1,&quot;skinnable&quot;:true,&quot;size&quot;:19708,&quot;sourceURI&quot;:null,&quot;releaseNotesURI&quot;:null,&quot;softDisabled&quot;:false,&quot;foreignInstall&quot;:false,&quot;hasBinaryComponents&quot;:false,&quot;strictCompatibility&quot;:true,&quot;locales&quot;:[],&quot;targetApplications&quot;:[{&quot;id&quot;:&quot;{ec8030f7-c20a-464f-9b0e-13a3a9e97384}&quot;,&quot;minVersion&quot;:&quot;51.0.1&quot;,&quot;maxVersion&quot;:&quot;51.0.1&quot;}],&quot;targetPlatforms&quot;:[],&quot;seen&quot;:true,&quot;dependencies&quot;:[],&quot;hasEmbeddedWebExtension&quot;:false}
1488429285905	addons.xpi	DEBUG	getModTime: Recursive scan of {972ce4c6-7e08-4474-a285-3208198ce6fd}
1488429285908	DeferredSave.extensions.json	DEBUG	Save changes
1488429285912	addons.xpi	DEBUG	Updating database with changes to installed add-ons
1488429285913	addons.xpi-utils	DEBUG	Updating add-on states
1488429285915	addons.xpi-utils	DEBUG	Writing add-ons list
1488429285919	addons.xpi	DEBUG	Registering manifest for C:\Program Files (x86)\Mozilla Firefox\browser\features\aushelper@mozilla.org.xpi
1488429285920	addons.xpi	DEBUG	Calling bootstrap method startup on aushelper@mozilla.org version 1.0
1488429285922	addons.xpi	DEBUG	Registering manifest for C:\Program Files (x86)\Mozilla Firefox\browser\features\e10srollout@mozilla.org.xpi
1488429285923	addons.xpi	DEBUG	Calling bootstrap method startup on e10srollout@mozilla.org version 1.7
1488429285924	addons.xpi	DEBUG	Registering manifest for C:\Program Files (x86)\Mozilla Firefox\browser\features\firefox@getpocket.com.xpi
1488429285924	addons.xpi	DEBUG	Calling bootstrap method startup on firefox@getpocket.com version 1.0.5
1488429285925	addons.xpi	DEBUG	Registering manifest for C:\Program Files (x86)\Mozilla Firefox\browser\features\webcompat@mozilla.org.xpi
1488429285926	addons.xpi	DEBUG	Calling bootstrap method startup on webcompat@mozilla.org version 1.0
1488429285928	addons.manager	DEBUG	Registering shutdown blocker for XPIProvider
1488429285929	addons.manager	DEBUG	Provider finished startup: XPIProvider
1488429285929	addons.manager	DEBUG	Starting provider: LightweightThemeManager
1488429285930	addons.manager	DEBUG	Registering shutdown blocker for LightweightThemeManager
1488429285930	addons.manager	DEBUG	Provider finished startup: LightweightThemeManager
1488429285931	addons.manager	DEBUG	Starting provider: GMPProvider
1488429285940	addons.manager	DEBUG	Registering shutdown blocker for GMPProvider
1488429285941	addons.manager	DEBUG	Provider finished startup: GMPProvider
1488429285941	addons.manager	DEBUG	Starting provider: PluginProvider
1488429285941	addons.manager	DEBUG	Registering shutdown blocker for PluginProvider
1488429285942	addons.manager	DEBUG	Provider finished startup: PluginProvider
1488429285943	addons.manager	DEBUG	Completed startup sequence
1488429288319	addons.manager	DEBUG	Starting provider: &lt;unnamed-provider&gt;
1488429288320	addons.manager	DEBUG	Registering shutdown blocker for &lt;unnamed-provider&gt;
1488429288320	addons.manager	DEBUG	Provider finished startup: &lt;unnamed-provider&gt;
1488429289475	DeferredSave.extensions.json	DEBUG	Write succeeded
1488429289476	addons.xpi-utils	DEBUG	XPI Database saved, setting schema version preference to 19
1488429289476	DeferredSave.extensions.json	DEBUG	Starting timer
1488429289501	DeferredSave.extensions.json	DEBUG	Starting write
1488429289505	addons.repository	DEBUG	No addons.json found.
1488429289506	DeferredSave.addons.json	DEBUG	Save changes
1488429289529	DeferredSave.addons.json	DEBUG	Starting timer
1488429290686	addons.manager	DEBUG	Starting provider: PreviousExperimentProvider
1488429290686	addons.manager	DEBUG	Registering shutdown blocker for PreviousExperimentProvider
1488429290687	addons.manager	DEBUG	Provider finished startup: PreviousExperimentProvider
1488429290691	DeferredSave.addons.json	DEBUG	Starting write
1488429290721	DeferredSave.extensions.json	DEBUG	Write succeeded
1488429290739	DeferredSave.addons.json	DEBUG	Write succeeded

Build info: version: &#039;2.47.0&#039;, revision: &#039;0e4837e94b1fad0db93e88cd972ed3e235a22892&#039;, time: &#039;2015-07-29 15:58:41&#039;
System info: host: &#039;USLTP0075&#039;, ip: &#039;100.67.107.111&#039;, os.name: &#039;Windows 7&#039;, os.arch: &#039;amd64&#039;, os.version: &#039;6.1&#039;, java.version: &#039;1.8.0_65&#039;
Driver info: driver.version: FirefoxDriver">
      <![CDATA[org.openqa.selenium.WebDriverException: Failed to connect to binary FirefoxBinary(C:\Program Files (x86)\Mozilla Firefox\firefox.exe) on port 7055; process output follows: 
le":true,"active":true,"userDisabled":false,"appDisabled":false,"descriptor":"C:\\Program Files (x86)\\Mozilla Firefox\\browser\\extensions\\{972ce4c6-7e08-4474-a285-3208198ce6fd}.xpi","installDate":1485743593519,"updateDate":1485743593519,"applyBackgroundUpdates":1,"skinnable":true,"size":19708,"sourceURI":null,"releaseNotesURI":null,"softDisabled":false,"foreignInstall":false,"hasBinaryComponents":false,"strictCompatibility":true,"locales":[],"targetApplications":[{"id":"{ec8030f7-c20a-464f-9b0e-13a3a9e97384}","minVersion":"51.0.1","maxVersion":"51.0.1"}],"targetPlatforms":[],"seen":true,"dependencies":[],"hasEmbeddedWebExtension":false}
1488429285905	addons.xpi	DEBUG	getModTime: Recursive scan of {972ce4c6-7e08-4474-a285-3208198ce6fd}
1488429285908	DeferredSave.extensions.json	DEBUG	Save changes
1488429285912	addons.xpi	DEBUG	Updating database with changes to installed add-ons
1488429285913	addons.xpi-utils	DEBUG	Updating add-on states
1488429285915	addons.xpi-utils	DEBUG	Writing add-ons list
1488429285919	addons.xpi	DEBUG	Registering manifest for C:\Program Files (x86)\Mozilla Firefox\browser\features\aushelper@mozilla.org.xpi
1488429285920	addons.xpi	DEBUG	Calling bootstrap method startup on aushelper@mozilla.org version 1.0
1488429285922	addons.xpi	DEBUG	Registering manifest for C:\Program Files (x86)\Mozilla Firefox\browser\features\e10srollout@mozilla.org.xpi
1488429285923	addons.xpi	DEBUG	Calling bootstrap method startup on e10srollout@mozilla.org version 1.7
1488429285924	addons.xpi	DEBUG	Registering manifest for C:\Program Files (x86)\Mozilla Firefox\browser\features\firefox@getpocket.com.xpi
1488429285924	addons.xpi	DEBUG	Calling bootstrap method startup on firefox@getpocket.com version 1.0.5
1488429285925	addons.xpi	DEBUG	Registering manifest for C:\Program Files (x86)\Mozilla Firefox\browser\features\webcompat@mozilla.org.xpi
1488429285926	addons.xpi	DEBUG	Calling bootstrap method startup on webcompat@mozilla.org version 1.0
1488429285928	addons.manager	DEBUG	Registering shutdown blocker for XPIProvider
1488429285929	addons.manager	DEBUG	Provider finished startup: XPIProvider
1488429285929	addons.manager	DEBUG	Starting provider: LightweightThemeManager
1488429285930	addons.manager	DEBUG	Registering shutdown blocker for LightweightThemeManager
1488429285930	addons.manager	DEBUG	Provider finished startup: LightweightThemeManager
1488429285931	addons.manager	DEBUG	Starting provider: GMPProvider
1488429285940	addons.manager	DEBUG	Registering shutdown blocker for GMPProvider
1488429285941	addons.manager	DEBUG	Provider finished startup: GMPProvider
1488429285941	addons.manager	DEBUG	Starting provider: PluginProvider
1488429285941	addons.manager	DEBUG	Registering shutdown blocker for PluginProvider
1488429285942	addons.manager	DEBUG	Provider finished startup: PluginProvider
1488429285943	addons.manager	DEBUG	Completed startup sequence
1488429288319	addons.manager	DEBUG	Starting provider: <unnamed-provider>
1488429288320	addons.manager	DEBUG	Registering shutdown blocker for <unnamed-provider>
1488429288320	addons.manager	DEBUG	Provider finished startup: <unnamed-provider>
1488429289475	DeferredSave.extensions.json	DEBUG	Write succeeded
1488429289476	addons.xpi-utils	DEBUG	XPI Database saved, setting schema version preference to 19
1488429289476	DeferredSave.extensions.json	DEBUG	Starting timer
1488429289501	DeferredSave.extensions.json	DEBUG	Starting write
1488429289505	addons.repository	DEBUG	No addons.json found.
1488429289506	DeferredSave.addons.json	DEBUG	Save changes
1488429289529	DeferredSave.addons.json	DEBUG	Starting timer
1488429290686	addons.manager	DEBUG	Starting provider: PreviousExperimentProvider
1488429290686	addons.manager	DEBUG	Registering shutdown blocker for PreviousExperimentProvider
1488429290687	addons.manager	DEBUG	Provider finished startup: PreviousExperimentProvider
1488429290691	DeferredSave.addons.json	DEBUG	Starting write
1488429290721	DeferredSave.extensions.json	DEBUG	Write succeeded
1488429290739	DeferredSave.addons.json	DEBUG	Write succeeded

Build info: version: '2.47.0', revision: '0e4837e94b1fad0db93e88cd972ed3e235a22892', time: '2015-07-29 15:58:41'
System info: host: 'USLTP0075', ip: '100.67.107.111', os.name: 'Windows 7', os.arch: 'amd64', os.version: '6.1', java.version: '1.8.0_65'
Driver info: driver.version: FirefoxDriver
	at org.openqa.selenium.firefox.internal.NewProfileExtensionConnection.start(NewProfileExtensionConnection.java:134)
	at org.openqa.selenium.firefox.FirefoxDriver.startClient(FirefoxDriver.java:276)
	at org.openqa.selenium.remote.RemoteWebDriver.<init>(RemoteWebDriver.java:116)
	at org.openqa.selenium.firefox.FirefoxDriver.<init>(FirefoxDriver.java:221)
	at org.openqa.selenium.firefox.FirefoxDriver.<init>(FirefoxDriver.java:216)
	at org.openqa.selenium.firefox.FirefoxDriver.<init>(FirefoxDriver.java:212)
	at org.openqa.selenium.firefox.FirefoxDriver.<init>(FirefoxDriver.java:125)
	at SaTest.test(SaTest.java:9)
	at sun.reflect.NativeMethodAccessorImpl.invoke0(Native Method)
	at sun.reflect.NativeMethodAccessorImpl.invoke(NativeMethodAccessorImpl.java:62)
	at sun.reflect.DelegatingMethodAccessorImpl.invoke(DelegatingMethodAccessorImpl.java:43)
	at java.lang.reflect.Method.invoke(Method.java:497)
	at org.testng.internal.MethodInvocationHelper.invokeMethod(MethodInvocationHelper.java:85)
	at org.testng.internal.Invoker.invokeMethod(Invoker.java:639)
	at org.testng.internal.Invoker.invokeTestMethod(Invoker.java:816)
	at org.testng.internal.Invoker.invokeTestMethods(Invoker.java:1124)
	at org.testng.internal.TestMethodWorker.invokeTestMethods(TestMethodWorker.java:125)
	at org.testng.internal.TestMethodWorker.run(TestMethodWorker.java:108)
	at org.testng.TestRunner.privateRun(TestRunner.java:774)
	at org.testng.TestRunner.run(TestRunner.java:624)
	at org.testng.SuiteRunner.runTest(SuiteRunner.java:359)
	at org.testng.SuiteRunner.runSequentially(SuiteRunner.java:354)
	at org.testng.SuiteRunner.privateRun(SuiteRunner.java:312)
	at org.testng.SuiteRunner.run(SuiteRunner.java:261)
	at org.testng.SuiteRunnerWorker.runSuite(SuiteRunnerWorker.java:52)
	at org.testng.SuiteRunnerWorker.run(SuiteRunnerWorker.java:86)
	at org.testng.TestNG.runSuitesSequentially(TestNG.java:1191)
	at org.testng.TestNG.runSuitesLocally(TestNG.java:1116)
	at org.testng.TestNG.run(TestNG.java:1024)
	at org.testng.remote.RemoteTestNG.run(RemoteTestNG.java:112)
	at org.testng.remote.RemoteTestNG.initAndRun(RemoteTestNG.java:205)
	at org.testng.remote.RemoteTestNG.main(RemoteTestNG.java:176)
Caused by: org.openqa.selenium.firefox.NotConnectedException: Unable to connect to host 127.0.0.1 on port 7055 after 45000 ms. Firefox console output:
le":true,"active":true,"userDisabled":false,"appDisabled":false,"descriptor":"C:\\Program Files (x86)\\Mozilla Firefox\\browser\\extensions\\{972ce4c6-7e08-4474-a285-3208198ce6fd}.xpi","installDate":1485743593519,"updateDate":1485743593519,"applyBackgroundUpdates":1,"skinnable":true,"size":19708,"sourceURI":null,"releaseNotesURI":null,"softDisabled":false,"foreignInstall":false,"hasBinaryComponents":false,"strictCompatibility":true,"locales":[],"targetApplications":[{"id":"{ec8030f7-c20a-464f-9b0e-13a3a9e97384}","minVersion":"51.0.1","maxVersion":"51.0.1"}],"targetPlatforms":[],"seen":true,"dependencies":[],"hasEmbeddedWebExtension":false}
1488429285905	addons.xpi	DEBUG	getModTime: Recursive scan of {972ce4c6-7e08-4474-a285-3208198ce6fd}
1488429285908	DeferredSave.extensions.json	DEBUG	Save changes
1488429285912	addons.xpi	DEBUG	Updating database with changes to installed add-ons
1488429285913	addons.xpi-utils	DEBUG	Updating add-on states
1488429285915	addons.xpi-utils	DEBUG	Writing add-ons list
1488429285919	addons.xpi	DEBUG	Registering manifest for C:\Program Files (x86)\Mozilla Firefox\browser\features\aushelper@mozilla.org.xpi
1488429285920	addons.xpi	DEBUG	Calling bootstrap method startup on aushelper@mozilla.org version 1.0
1488429285922	addons.xpi	DEBUG	Registering manifest for C:\Program Files (x86)\Mozilla Firefox\browser\features\e10srollout@mozilla.org.xpi
1488429285923	addons.xpi	DEBUG	Calling bootstrap method startup on e10srollout@mozilla.org version 1.7
1488429285924	addons.xpi	DEBUG	Registering manifest for C:\Program Files (x86)\Mozilla Firefox\browser\features\firefox@getpocket.com.xpi
1488429285924	addons.xpi	DEBUG	Calling bootstrap method startup on firefox@getpocket.com version 1.0.5
1488429285925	addons.xpi	DEBUG	Registering manifest for C:\Program Files (x86)\Mozilla Firefox\browser\features\webcompat@mozilla.org.xpi
1488429285926	addons.xpi	DEBUG	Calling bootstrap method startup on webcompat@mozilla.org version 1.0
1488429285928	addons.manager	DEBUG	Registering shutdown blocker for XPIProvider
1488429285929	addons.manager	DEBUG	Provider finished startup: XPIProvider
1488429285929	addons.manager	DEBUG	Starting provider: LightweightThemeManager
1488429285930	addons.manager	DEBUG	Registering shutdown blocker for LightweightThemeManager
1488429285930	addons.manager	DEBUG	Provider finished startup: LightweightThemeManager
1488429285931	addons.manager	DEBUG	Starting provider: GMPProvider
1488429285940	addons.manager	DEBUG	Registering shutdown blocker for GMPProvider
1488429285941	addons.manager	DEBUG	Provider finished startup: GMPProvider
1488429285941	addons.manager	DEBUG	Starting provider: PluginProvider
1488429285941	addons.manager	DEBUG	Registering shutdown blocker for PluginProvider
1488429285942	addons.manager	DEBUG	Provider finished startup: PluginProvider
1488429285943	addons.manager	DEBUG	Completed startup sequence
1488429288319	addons.manager	DEBUG	Starting provider: <unnamed-provider>
1488429288320	addons.manager	DEBUG	Registering shutdown blocker for <unnamed-provider>
1488429288320	addons.manager	DEBUG	Provider finished startup: <unnamed-provider>
1488429289475	DeferredSave.extensions.json	DEBUG	Write succeeded
1488429289476	addons.xpi-utils	DEBUG	XPI Database saved, setting schema version preference to 19
1488429289476	DeferredSave.extensions.json	DEBUG	Starting timer
1488429289501	DeferredSave.extensions.json	DEBUG	Starting write
1488429289505	addons.repository	DEBUG	No addons.json found.
1488429289506	DeferredSave.addons.json	DEBUG	Save changes
1488429289529	DeferredSave.addons.json	DEBUG	Starting timer
1488429290686	addons.manager	DEBUG	Starting provider: PreviousExperimentProvider
1488429290686	addons.manager	DEBUG	Registering shutdown blocker for PreviousExperimentProvider
1488429290687	addons.manager	DEBUG	Provider finished startup: PreviousExperimentProvider
1488429290691	DeferredSave.addons.json	DEBUG	Starting write
1488429290721	DeferredSave.extensions.json	DEBUG	Write succeeded
1488429290739	DeferredSave.addons.json	DEBUG	Write succeeded

	at org.openqa.selenium.firefox.internal.NewProfileExtensionConnection.start(NewProfileExtensionConnection.java:122)
	... 31 more
]]>
    </error>
  </testcase> <!-- test -->
</testsuite> <!-- SaTest -->
