<?xml version="1.0" encoding="UTF-8"?>
<!-- Generated by org.testng.reporters.JUnitReportReporter -->
<testsuite hostname="USLTP0075" name="com.test.Samplegtestng" tests="2" failures="0" timestamp="8 Mar 2017 02:05:59 GMT" time="0.024" errors="0">
  <testcase name="test1_req_02" time="0.009" classname="com.test.Samplegtestng"/>
  <testcase name="test_req_01" time="0.015" classname="com.test.Samplegtestng"/>
</testsuite> <!-- com.test.Samplegtestng -->
